  [1m[36m (1.2ms)[0m  [1mCREATE TABLE "schema_migrations" ("version" varchar NOT NULL) [0m
  [1m[35m (0.0ms)[0m  select sqlite_version(*)
  [1m[36m (1.0ms)[0m  [1mCREATE UNIQUE INDEX "unique_schema_migrations" ON "schema_migrations" ("version")[0m
  [1m[35mActiveRecord::SchemaMigration Load (0.1ms)[0m  SELECT "schema_migrations".* FROM "schema_migrations"
  [1m[36mActiveRecord::SchemaMigration Load (0.1ms)[0m  [1mSELECT "schema_migrations".* FROM "schema_migrations"[0m
Migrating to CreatePosts (20151230232412)
  [1m[35m (0.1ms)[0m  begin transaction
  [1m[36m (0.4ms)[0m  [1mCREATE TABLE "posts" ("id" INTEGER PRIMARY KEY AUTOINCREMENT NOT NULL, "title" varchar, "description" text, "created_at" datetime NOT NULL, "updated_at" datetime NOT NULL) [0m
  [1m[35mSQL (0.2ms)[0m  INSERT INTO "schema_migrations" ("version") VALUES (?)  [["version", "20151230232412"]]
  [1m[36m (1.3ms)[0m  [1mcommit transaction[0m
  [1m[35mActiveRecord::SchemaMigration Load (0.1ms)[0m  SELECT "schema_migrations".* FROM "schema_migrations"


Started GET "/posts/new" for ::1 at 2015-12-31 13:44:56 -0600
  [1m[36mActiveRecord::SchemaMigration Load (0.1ms)[0m  [1mSELECT "schema_migrations".* FROM "schema_migrations"[0m
Processing by PostsController#new as HTML
  Rendered posts/new.html.erb within layouts/application (2.1ms)
Completed 200 OK in 347ms (Views: 326.8ms | ActiveRecord: 0.2ms)


Started GET "/assets/application.self-e80e8f2318043e8af94dddc2adad5a4f09739a8ebb323b3ab31cd71d45fd9113.css?body=1" for ::1 at 2015-12-31 13:44:57 -0600


Started GET "/assets/application.self-3b8dabdc891efe46b9a144b400ad69e37d7e5876bdc39dee783419a69d7ca819.js?body=1" for ::1 at 2015-12-31 13:44:57 -0600


Started POST "/posts" for ::1 at 2015-12-31 13:45:03 -0600
Processing by PostsController#create as HTML
  Parameters: {"utf8"=>"✓", "authenticity_token"=>"mFCuNJP5reOW19phdr4zXRLzOMo4NZQ3wneiVR+RO/+owIoDiOxh24iHKkZ7DGazxbSIoRmvIOmJgA4gog1sGg==", "title"=>"Rails Introduction Quiz", "description"=>"asdfasdf", "commit"=>"Submit Post"}
  [1m[35m (0.1ms)[0m  begin transaction
  [1m[36mSQL (0.4ms)[0m  [1mINSERT INTO "posts" ("title", "description", "created_at", "updated_at") VALUES (?, ?, ?, ?)[0m  [["title", "Rails Introduction Quiz"], ["description", "asdfasdf"], ["created_at", "2015-12-31 19:45:03.614973"], ["updated_at", "2015-12-31 19:45:03.614973"]]
  [1m[35m (1.2ms)[0m  commit transaction
Redirected to http://localhost:3000/posts/1
Completed 302 Found in 22ms (ActiveRecord: 1.7ms)


Started GET "/posts/1" for ::1 at 2015-12-31 13:45:03 -0600
Processing by PostsController#show as HTML
  Parameters: {"id"=>"1"}
  [1m[36mPost Load (0.2ms)[0m  [1mSELECT  "posts".* FROM "posts" WHERE "posts"."id" = ? LIMIT 1[0m  [["id", 1]]
  Rendered posts/show.html.erb within layouts/application (0.4ms)
Completed 200 OK in 27ms (Views: 10.4ms | ActiveRecord: 0.2ms)
Started GET "/" for 127.0.0.1 at 2019-02-25 10:02:39 -0800
DEPRECATION WARNING: ActiveRecord::Base.raise_in_transactional_callbacks= is deprecated, has no effect and will be removed without replacement. (called from block (3 levels) in <class:Railtie> at /Users/lucysuddenly/.rvm/gems/ruby-2.3.3/gems/activerecord-5.0.7.1/lib/active_record/railtie.rb:113)
  [1m[36mActiveRecord::SchemaMigration Load (0.2ms)[0m  [1m[34mSELECT "schema_migrations".* FROM "schema_migrations"[0m
Processing by Rails::WelcomeController#index as HTML
  Parameters: {"internal"=>true}
  Rendering /Users/lucysuddenly/.rvm/gems/ruby-2.3.3/gems/railties-5.0.7.1/lib/rails/templates/rails/welcome/index.html.erb
  Rendered /Users/lucysuddenly/.rvm/gems/ruby-2.3.3/gems/railties-5.0.7.1/lib/rails/templates/rails/welcome/index.html.erb (4.9ms)
Completed 200 OK in 32ms (Views: 13.5ms | ActiveRecord: 0.0ms)


Started GET "/posts" for 127.0.0.1 at 2019-02-25 10:03:10 -0800
DEPRECATION WARNING: ActiveRecord::Base.raise_in_transactional_callbacks= is deprecated, has no effect and will be removed without replacement. (called from block (3 levels) in <class:Railtie> at /Users/lucysuddenly/.rvm/gems/ruby-2.3.3/gems/activerecord-5.0.7.1/lib/active_record/railtie.rb:113)
  [1m[36mActiveRecord::SchemaMigration Load (0.2ms)[0m  [1m[34mSELECT "schema_migrations".* FROM "schema_migrations"[0m
Processing by PostsController#index as HTML
  Rendering posts/index.html.erb within layouts/application
  [1m[36mPost Load (0.2ms)[0m  [1m[34mSELECT "posts".* FROM "posts"[0m
  Rendered posts/index.html.erb within layouts/application (6.4ms)
Completed 200 OK in 547ms (Views: 531.3ms | ActiveRecord: 0.7ms)


Started GET "/posts/new" for 127.0.0.1 at 2019-02-25 10:03:38 -0800
DEPRECATION WARNING: ActiveRecord::Base.raise_in_transactional_callbacks= is deprecated, has no effect and will be removed without replacement. (called from block (3 levels) in <class:Railtie> at /Users/lucysuddenly/.rvm/gems/ruby-2.3.3/gems/activerecord-5.0.7.1/lib/active_record/railtie.rb:113)
  [1m[36mActiveRecord::SchemaMigration Load (0.2ms)[0m  [1m[34mSELECT "schema_migrations".* FROM "schema_migrations"[0m
Processing by PostsController#new as HTML
  Rendering posts/new.html.erb within layouts/application
  Rendered posts/new.html.erb within layouts/application (4.3ms)
Completed 200 OK in 278ms (Views: 260.3ms | ActiveRecord: 0.5ms)


Started POST "/posts" for 127.0.0.1 at 2019-02-25 10:04:06 -0800
DEPRECATION WARNING: ActiveRecord::Base.raise_in_transactional_callbacks= is deprecated, has no effect and will be removed without replacement. (called from block (3 levels) in <class:Railtie> at /Users/lucysuddenly/.rvm/gems/ruby-2.3.3/gems/activerecord-5.0.7.1/lib/active_record/railtie.rb:113)
  [1m[36mActiveRecord::SchemaMigration Load (0.2ms)[0m  [1m[34mSELECT "schema_migrations".* FROM "schema_migrations"[0m
Processing by PostsController#create as HTML
  Parameters: {"utf8"=>"✓", "authenticity_token"=>"uMk09otCPhrDH4UnhdRY9j2E6XxCjB+zWqqlcpWx8pZBQ2ENlLUr7C5MAHuVRa6gZOmj+MK0jFsGJCOJkKK+tw==", "title"=>"A Title!", "description"=>"asdfasdf", "commit"=>"Submit Post"}
  [1m[35m (0.0ms)[0m  [1m[36mbegin transaction[0m
  [1m[35mSQL (1.7ms)[0m  [1m[32mINSERT INTO "posts" ("title", "description", "created_at", "updated_at") VALUES (?, ?, ?, ?)[0m  [["title", "A Title!"], ["description", "asdfasdf"], ["created_at", "2019-02-25 18:04:06.606229"], ["updated_at", "2019-02-25 18:04:06.606229"]]
  [1m[35m (1.0ms)[0m  [1m[36mcommit transaction[0m
No template found for PostsController#create, rendering head :no_content
Completed 204 No Content in 104ms (ActiveRecord: 3.1ms)


Started POST "/posts" for 127.0.0.1 at 2019-02-25 10:09:45 -0800
DEPRECATION WARNING: ActiveRecord::Base.raise_in_transactional_callbacks= is deprecated, has no effect and will be removed without replacement. (called from block (3 levels) in <class:Railtie> at /Users/lucysuddenly/.rvm/gems/ruby-2.3.3/gems/activerecord-5.0.7.1/lib/active_record/railtie.rb:113)
  [1m[36mActiveRecord::SchemaMigration Load (0.2ms)[0m  [1m[34mSELECT "schema_migrations".* FROM "schema_migrations"[0m
Processing by PostsController#create as HTML
  Parameters: {"utf8"=>"✓", "authenticity_token"=>"uMk09otCPhrDH4UnhdRY9j2E6XxCjB+zWqqlcpWx8pZBQ2ENlLUr7C5MAHuVRa6gZOmj+MK0jFsGJCOJkKK+tw==", "title"=>"A Title!", "description"=>"asdfasdf\r\n", "commit"=>"Submit Post"}
  [1m[35m (0.1ms)[0m  [1m[36mbegin transaction[0m
  [1m[35mSQL (0.5ms)[0m  [1m[32mINSERT INTO "posts" ("title", "description", "created_at", "updated_at") VALUES (?, ?, ?, ?)[0m  [["title", "A Title!"], ["description", "asdfasdf\r\n"], ["created_at", "2019-02-25 18:09:46.219019"], ["updated_at", "2019-02-25 18:09:46.219019"]]
  [1m[35m (1.6ms)[0m  [1m[36mcommit transaction[0m
No template found for PostsController#create, rendering head :no_content
Completed 204 No Content in 190ms (ActiveRecord: 2.6ms)


Started POST "/posts" for 127.0.0.1 at 2019-02-25 10:10:07 -0800
DEPRECATION WARNING: ActiveRecord::Base.raise_in_transactional_callbacks= is deprecated, has no effect and will be removed without replacement. (called from block (3 levels) in <class:Railtie> at /Users/lucysuddenly/.rvm/gems/ruby-2.3.3/gems/activerecord-5.0.7.1/lib/active_record/railtie.rb:113)
  [1m[36mActiveRecord::SchemaMigration Load (0.2ms)[0m  [1m[34mSELECT "schema_migrations".* FROM "schema_migrations"[0m
Processing by PostsController#create as HTML
  Parameters: {"utf8"=>"✓", "authenticity_token"=>"uMk09otCPhrDH4UnhdRY9j2E6XxCjB+zWqqlcpWx8pZBQ2ENlLUr7C5MAHuVRa6gZOmj+MK0jFsGJCOJkKK+tw==", "title"=>"A Title!", "description"=>"asdfasdf\r\n", "commit"=>"Submit Post"}
  [1m[35m (0.1ms)[0m  [1m[36mbegin transaction[0m
  [1m[35mSQL (0.5ms)[0m  [1m[32mINSERT INTO "posts" ("title", "description", "created_at", "updated_at") VALUES (?, ?, ?, ?)[0m  [["title", "A Title!"], ["description", "asdfasdf\r\n"], ["created_at", "2019-02-25 18:10:08.092840"], ["updated_at", "2019-02-25 18:10:08.092840"]]
  [1m[35m (2.1ms)[0m  [1m[36mcommit transaction[0m
No template found for PostsController#create, rendering head :no_content
Completed 204 No Content in 119ms (ActiveRecord: 3.2ms)


Started POST "/posts" for 127.0.0.1 at 2019-02-25 10:10:10 -0800
DEPRECATION WARNING: ActiveRecord::Base.raise_in_transactional_callbacks= is deprecated, has no effect and will be removed without replacement. (called from block (3 levels) in <class:Railtie> at /Users/lucysuddenly/.rvm/gems/ruby-2.3.3/gems/activerecord-5.0.7.1/lib/active_record/railtie.rb:113)
  [1m[36mActiveRecord::SchemaMigration Load (0.1ms)[0m  [1m[34mSELECT "schema_migrations".* FROM "schema_migrations"[0m
Processing by PostsController#create as HTML
  Parameters: {"utf8"=>"✓", "authenticity_token"=>"uMk09otCPhrDH4UnhdRY9j2E6XxCjB+zWqqlcpWx8pZBQ2ENlLUr7C5MAHuVRa6gZOmj+MK0jFsGJCOJkKK+tw==", "title"=>"A Title!", "description"=>"asdfasdf\r\n", "commit"=>"Submit Post"}
  [1m[35m (0.0ms)[0m  [1m[36mbegin transaction[0m
  [1m[35mSQL (0.7ms)[0m  [1m[32mINSERT INTO "posts" ("title", "description", "created_at", "updated_at") VALUES (?, ?, ?, ?)[0m  [["title", "A Title!"], ["description", "asdfasdf\r\n"], ["created_at", "2019-02-25 18:10:10.594059"], ["updated_at", "2019-02-25 18:10:10.594059"]]
  [1m[35m (1.9ms)[0m  [1m[36mcommit transaction[0m
No template found for PostsController#create, rendering head :no_content
Completed 204 No Content in 116ms (ActiveRecord: 3.1ms)


Started POST "/posts" for 127.0.0.1 at 2019-02-25 10:10:14 -0800
DEPRECATION WARNING: ActiveRecord::Base.raise_in_transactional_callbacks= is deprecated, has no effect and will be removed without replacement. (called from block (3 levels) in <class:Railtie> at /Users/lucysuddenly/.rvm/gems/ruby-2.3.3/gems/activerecord-5.0.7.1/lib/active_record/railtie.rb:113)
  [1m[36mActiveRecord::SchemaMigration Load (0.2ms)[0m  [1m[34mSELECT "schema_migrations".* FROM "schema_migrations"[0m
Processing by PostsController#create as HTML
  Parameters: {"utf8"=>"✓", "authenticity_token"=>"uMk09otCPhrDH4UnhdRY9j2E6XxCjB+zWqqlcpWx8pZBQ2ENlLUr7C5MAHuVRa6gZOmj+MK0jFsGJCOJkKK+tw==", "title"=>"A Title!", "description"=>"asdfasdf\r\n", "commit"=>"Submit Post"}
  [1m[35m (0.1ms)[0m  [1m[36mbegin transaction[0m
  [1m[35mSQL (0.6ms)[0m  [1m[32mINSERT INTO "posts" ("title", "description", "created_at", "updated_at") VALUES (?, ?, ?, ?)[0m  [["title", "A Title!"], ["description", "asdfasdf\r\n"], ["created_at", "2019-02-25 18:10:14.435109"], ["updated_at", "2019-02-25 18:10:14.435109"]]
  [1m[35m (3.0ms)[0m  [1m[36mcommit transaction[0m
No template found for PostsController#create, rendering head :no_content
Completed 204 No Content in 170ms (ActiveRecord: 4.2ms)


Started POST "/posts" for 127.0.0.1 at 2019-02-25 10:10:15 -0800
DEPRECATION WARNING: ActiveRecord::Base.raise_in_transactional_callbacks= is deprecated, has no effect and will be removed without replacement. (called from block (3 levels) in <class:Railtie> at /Users/lucysuddenly/.rvm/gems/ruby-2.3.3/gems/activerecord-5.0.7.1/lib/active_record/railtie.rb:113)
  [1m[36mActiveRecord::SchemaMigration Load (0.1ms)[0m  [1m[34mSELECT "schema_migrations".* FROM "schema_migrations"[0m
Processing by PostsController#create as HTML
  Parameters: {"utf8"=>"✓", "authenticity_token"=>"uMk09otCPhrDH4UnhdRY9j2E6XxCjB+zWqqlcpWx8pZBQ2ENlLUr7C5MAHuVRa6gZOmj+MK0jFsGJCOJkKK+tw==", "title"=>"A Title!", "description"=>"asdfasdf\r\n", "commit"=>"Submit Post"}
  [1m[35m (0.1ms)[0m  [1m[36mbegin transaction[0m
  [1m[35mSQL (0.5ms)[0m  [1m[32mINSERT INTO "posts" ("title", "description", "created_at", "updated_at") VALUES (?, ?, ?, ?)[0m  [["title", "A Title!"], ["description", "asdfasdf\r\n"], ["created_at", "2019-02-25 18:10:15.685683"], ["updated_at", "2019-02-25 18:10:15.685683"]]
  [1m[35m (3.4ms)[0m  [1m[36mcommit transaction[0m
No template found for PostsController#create, rendering head :no_content
Completed 204 No Content in 128ms (ActiveRecord: 4.4ms)


Started GET "/posts/new" for 127.0.0.1 at 2019-02-25 10:10:23 -0800
DEPRECATION WARNING: ActiveRecord::Base.raise_in_transactional_callbacks= is deprecated, has no effect and will be removed without replacement. (called from block (3 levels) in <class:Railtie> at /Users/lucysuddenly/.rvm/gems/ruby-2.3.3/gems/activerecord-5.0.7.1/lib/active_record/railtie.rb:113)
  [1m[36mActiveRecord::SchemaMigration Load (0.1ms)[0m  [1m[34mSELECT "schema_migrations".* FROM "schema_migrations"[0m
Processing by PostsController#new as HTML
  Rendering posts/new.html.erb within layouts/application
  Rendered posts/new.html.erb within layouts/application (7.2ms)
Completed 200 OK in 320ms (Views: 299.5ms | ActiveRecord: 0.7ms)


Started POST "/posts" for 127.0.0.1 at 2019-02-25 10:10:31 -0800
DEPRECATION WARNING: ActiveRecord::Base.raise_in_transactional_callbacks= is deprecated, has no effect and will be removed without replacement. (called from block (3 levels) in <class:Railtie> at /Users/lucysuddenly/.rvm/gems/ruby-2.3.3/gems/activerecord-5.0.7.1/lib/active_record/railtie.rb:113)
  [1m[36mActiveRecord::SchemaMigration Load (0.2ms)[0m  [1m[34mSELECT "schema_migrations".* FROM "schema_migrations"[0m
Processing by PostsController#create as HTML
  Parameters: {"utf8"=>"✓", "authenticity_token"=>"JUqj7rd8sWpo6858/R/AKpL5x+4SMsaZOVhk0/wgfsvcwPYVqIuknIW4SyDtjjZ8y5SNapIKVXFl1uIo+TMy6g==", "title"=>"", "description"=>"", "commit"=>"Submit Post"}
  [1m[35m (0.1ms)[0m  [1m[36mbegin transaction[0m
  [1m[35mSQL (0.4ms)[0m  [1m[32mINSERT INTO "posts" ("title", "description", "created_at", "updated_at") VALUES (?, ?, ?, ?)[0m  [["title", ""], ["description", ""], ["created_at", "2019-02-25 18:10:32.300552"], ["updated_at", "2019-02-25 18:10:32.300552"]]
  [1m[35m (1.8ms)[0m  [1m[36mcommit transaction[0m
No template found for PostsController#create, rendering head :no_content
Completed 204 No Content in 125ms (ActiveRecord: 2.7ms)


Started GET "/posts/new" for 127.0.0.1 at 2019-02-25 10:20:18 -0800
DEPRECATION WARNING: ActiveRecord::Base.raise_in_transactional_callbacks= is deprecated, has no effect and will be removed without replacement. (called from block (3 levels) in <class:Railtie> at /Users/lucysuddenly/.rvm/gems/ruby-2.3.3/gems/activerecord-5.0.7.1/lib/active_record/railtie.rb:113)
  [1m[36mActiveRecord::SchemaMigration Load (0.5ms)[0m  [1m[34mSELECT "schema_migrations".* FROM "schema_migrations"[0m
Processing by PostsController#new as HTML
  Rendering posts/new.html.erb within layouts/application
  Rendered posts/new.html.erb within layouts/application (6.7ms)
Completed 200 OK in 340ms (Views: 316.5ms | ActiveRecord: 0.5ms)


Started POST "/posts" for 127.0.0.1 at 2019-02-25 10:20:26 -0800
DEPRECATION WARNING: ActiveRecord::Base.raise_in_transactional_callbacks= is deprecated, has no effect and will be removed without replacement. (called from block (3 levels) in <class:Railtie> at /Users/lucysuddenly/.rvm/gems/ruby-2.3.3/gems/activerecord-5.0.7.1/lib/active_record/railtie.rb:113)
  [1m[36mActiveRecord::SchemaMigration Load (0.2ms)[0m  [1m[34mSELECT "schema_migrations".* FROM "schema_migrations"[0m
Processing by PostsController#create as HTML
  Parameters: {"utf8"=>"✓", "authenticity_token"=>"YyrTiJiyacmtC0ncxZMJGX2MiFo3kvMHpaVNhtcrrl6aoIZzh0V8P0BYzIDVAv9PJOHC3reqYO/5K8t90jjifw==", "title"=>"A Title!", "description"=>"asdfasdfasd", "commit"=>"Submit Post"}
  [1m[35m (0.1ms)[0m  [1m[36mbegin transaction[0m
  [1m[35mSQL (0.5ms)[0m  [1m[32mINSERT INTO "posts" ("title", "description", "created_at", "updated_at") VALUES (?, ?, ?, ?)[0m  [["title", "A Title!"], ["description", "asdfasdfasd"], ["created_at", "2019-02-25 18:20:27.215912"], ["updated_at", "2019-02-25 18:20:27.215912"]]
  [1m[35m (1.0ms)[0m  [1m[36mcommit transaction[0m
No template found for PostsController#create, rendering head :no_content
Completed 204 No Content in 125ms (ActiveRecord: 2.1ms)


Started GET "/posts/new" for 127.0.0.1 at 2019-02-25 10:21:47 -0800
DEPRECATION WARNING: ActiveRecord::Base.raise_in_transactional_callbacks= is deprecated, has no effect and will be removed without replacement. (called from block (3 levels) in <class:Railtie> at /Users/lucysuddenly/.rvm/gems/ruby-2.3.3/gems/activerecord-5.0.7.1/lib/active_record/railtie.rb:113)
  [1m[36mActiveRecord::SchemaMigration Load (0.2ms)[0m  [1m[34mSELECT "schema_migrations".* FROM "schema_migrations"[0m
Processing by PostsController#new as HTML
  Rendering posts/new.html.erb within layouts/application
  Rendered posts/new.html.erb within layouts/application (8.6ms)
Completed 200 OK in 356ms (Views: 334.9ms | ActiveRecord: 0.6ms)


Started POST "/posts" for 127.0.0.1 at 2019-02-25 10:21:53 -0800
DEPRECATION WARNING: ActiveRecord::Base.raise_in_transactional_callbacks= is deprecated, has no effect and will be removed without replacement. (called from block (3 levels) in <class:Railtie> at /Users/lucysuddenly/.rvm/gems/ruby-2.3.3/gems/activerecord-5.0.7.1/lib/active_record/railtie.rb:113)
  [1m[36mActiveRecord::SchemaMigration Load (0.2ms)[0m  [1m[34mSELECT "schema_migrations".* FROM "schema_migrations"[0m
Processing by PostsController#create as HTML
  Parameters: {"utf8"=>"✓", "authenticity_token"=>"xSrvByyd/Ndc53McjXo1jdRFfk485akNiz4jHKhPSzk8oLr8M2rpIbG09kCd68PbjSg0yrzdOuXXsKXnrVwHGA==", "title"=>"asdf", "description"=>"asdfasd", "commit"=>"Submit Post"}
  [1m[35m (0.1ms)[0m  [1m[36mbegin transaction[0m
  [1m[35mSQL (0.8ms)[0m  [1m[32mINSERT INTO "posts" ("title", "description", "created_at", "updated_at") VALUES (?, ?, ?, ?)[0m  [["title", "asdf"], ["description", "asdfasd"], ["created_at", "2019-02-25 18:21:53.450350"], ["updated_at", "2019-02-25 18:21:53.450350"]]
  [1m[35m (1.3ms)[0m  [1m[36mcommit transaction[0m
Redirected to http://127.0.0.1:9393/posts
Completed 302 Found in 25ms (ActiveRecord: 2.6ms)


Started GET "/posts" for 127.0.0.1 at 2019-02-25 10:21:55 -0800
DEPRECATION WARNING: ActiveRecord::Base.raise_in_transactional_callbacks= is deprecated, has no effect and will be removed without replacement. (called from block (3 levels) in <class:Railtie> at /Users/lucysuddenly/.rvm/gems/ruby-2.3.3/gems/activerecord-5.0.7.1/lib/active_record/railtie.rb:113)
  [1m[36mActiveRecord::SchemaMigration Load (0.2ms)[0m  [1m[34mSELECT "schema_migrations".* FROM "schema_migrations"[0m
Processing by PostsController#index as HTML
  Rendering posts/index.html.erb within layouts/application
  [1m[36mPost Load (0.3ms)[0m  [1m[34mSELECT "posts".* FROM "posts"[0m
  Rendered posts/index.html.erb within layouts/application (8.2ms)
Completed 200 OK in 297ms (Views: 280.2ms | ActiveRecord: 1.1ms)


DEPRECATION WARNING: ActiveRecord::Base.raise_in_transactional_callbacks= is deprecated, has no effect and will be removed without replacement. (called from require at /Users/lucysuddenly/.rvm/rubies/ruby-2.3.3/lib/ruby/site_ruby/2.3.0/rubygems/core_ext/kernel_require.rb:54)
  [1m[36mPost Load (0.2ms)[0m  [1m[34mSELECT  "posts".* FROM "posts" ORDER BY "posts"."id" DESC LIMIT ?[0m  [["LIMIT", 1]]
